<?xml version="1.0" encoding="UTF-8"?>
<testng-results ignored="1" total="2" passed="1" failed="0" skipped="0">
  <reporter-output>
  </reporter-output>
  <suite started-at="2020-05-12T17:55:17 CEST" name="Default suite" finished-at="2020-05-12T17:55:28 CEST" duration-ms="10972">
    <groups>
    </groups>
    <test started-at="2020-05-12T17:55:17 CEST" name="Default test" finished-at="2020-05-12T17:55:28 CEST" duration-ms="10972">
      <class name="page.tests.LoginShould">
        <test-method signature="NotLogWithoutUsernameAndPassword()[pri:0, instance:page.tests.LoginShould@ec756bd]" started-at="2020-05-12T17:55:17 CEST" name="NotLogWithoutUsernameAndPassword" finished-at="2020-05-12T17:55:28 CEST" duration-ms="10924" status="PASS">
          <reporter-output>
          </reporter-output>
        </test-method> <!-- NotLogWithoutUsernameAndPassword -->
      </class> <!-- page.tests.LoginShould -->
    </test> <!-- Default test -->
  </suite> <!-- Default suite -->
</testng-results>
