<?xml version="1.0" encoding="UTF-8"?>
<!-- Generated by org.testng.reporters.JUnitXMLReporter -->
<testsuite ignored="1" hostname="DESKTOP-KESI400" failures="0" tests="1" name="Default test" time="10.972" errors="0" timestamp="2020-05-12T17:55:28 CEST">
  <testcase classname="page.tests.LoginShould" name="NotLogWithoutUsernameAndPassword" time="10.924"/>
  <testcase classname="page.tests.LoginShould" name="logOneUser" time="0.0">
    <ignored/>
  </testcase> <!-- logOneUser -->
</testsuite> <!-- Default test -->
