<?xml version="1.0" encoding="UTF-8"?>
<!-- Generated by org.testng.reporters.JUnitXMLReporter -->
<testsuite ignored="1" hostname="DESKTOP-KESI400" failures="0" tests="5" name="Default test" time="63.056" errors="0" timestamp="2020-05-12T17:16:59 CEST">
  <testcase classname="page.tests.OpenPageShould" name="openCheckOut" time="13.519"/>
  <testcase classname="page.tests.OpenPageShould" name="openLoginPage" time="13.846"/>
  <testcase classname="page.tests.OpenPageShould" name="openPrivacyPolicy" time="13.701"/>
  <testcase classname="page.tests.OpenPageShould" name="openRecoveryProfile" time="7.513"/>
  <testcase classname="page.tests.OpenPageShould" name="openTermsOfUse" time="14.425"/>
  <testcase classname="page.tests.OpenPageShould" name="openRegistration" time="0.0">
    <ignored/>
  </testcase> <!-- openRegistration -->
</testsuite> <!-- Default test -->
